<?xml version="1.0" encoding="UTF-8"?>
<!-- Generated by org.testng.reporters.JUnitReportReporter -->
<testsuite hostname="mindc1d151" failures="0" tests="1" name="uitility.BaseClass" time="13.812" errors="0" timestamp="2022-06-04T17:38:54 IST" skipped="0">
  <testcase classname="uitility.BaseClass" name="Home" time="13.812"/>
  <system-out/>
</testsuite> <!-- uitility.BaseClass -->
